[debug] [2019-06-20T09:12:36.627Z] ----------------------------------------------------------------------
[debug] [2019-06-20T09:12:36.629Z] Command:       C:\Program Files\nodejs\node.exe C:\Users\Nobody\AppData\Roaming\npm\node_modules\firebase-tools\lib\bin\firebase.js init
[debug] [2019-06-20T09:12:36.629Z] CLI Version:   7.0.0
[debug] [2019-06-20T09:12:36.629Z] Platform:      win32
[debug] [2019-06-20T09:12:36.629Z] Node Version:  v10.15.3
[debug] [2019-06-20T09:12:36.630Z] Time:          Thu Jun 20 2019 12:12:36 GMT+0300 (Moscow Standard Time)
[debug] [2019-06-20T09:12:36.630Z] ----------------------------------------------------------------------
[debug] 
[debug] [2019-06-20T09:12:36.640Z] > command requires scopes: ["email","openid","https://www.googleapis.com/auth/cloudplatformprojects.readonly","https://www.googleapis.com/auth/firebase","https://www.googleapis.com/auth/cloud-platform"]
[debug] [2019-06-20T09:12:36.641Z] > authorizing via signed-in user
[info] 
     ######## #### ########  ######## ########     ###     ######  ########
     ##        ##  ##     ## ##       ##     ##  ##   ##  ##       ##
     ######    ##  ########  ######   ########  #########  ######  ######
     ##        ##  ##    ##  ##       ##     ## ##     ##       ## ##
     ##       #### ##     ## ######## ########  ##     ##  ######  ########

You're about to initialize a Firebase project in this directory:

  E:\FE_Epam\FE-EpamLabs\chat-app

[debug] [2019-06-20T09:14:31.258Z] ----------------------------------------------------------------------
[debug] [2019-06-20T09:14:31.260Z] Command:       C:\Program Files\nodejs\node.exe C:\Users\Nobody\AppData\Roaming\npm\node_modules\firebase-tools\lib\bin\firebase.js init
[debug] [2019-06-20T09:14:31.261Z] CLI Version:   7.0.0
[debug] [2019-06-20T09:14:31.261Z] Platform:      win32
[debug] [2019-06-20T09:14:31.261Z] Node Version:  v10.15.3
[debug] [2019-06-20T09:14:31.262Z] Time:          Thu Jun 20 2019 12:14:31 GMT+0300 (Moscow Standard Time)
[debug] [2019-06-20T09:14:31.262Z] ----------------------------------------------------------------------
[debug] 
[debug] [2019-06-20T09:14:31.269Z] > command requires scopes: ["email","openid","https://www.googleapis.com/auth/cloudplatformprojects.readonly","https://www.googleapis.com/auth/firebase","https://www.googleapis.com/auth/cloud-platform"]
[debug] [2019-06-20T09:14:31.270Z] > authorizing via signed-in user
[info] 
     ######## #### ########  ######## ########     ###     ######  ########
     ##        ##  ##     ## ##       ##     ##  ##   ##  ##       ##
     ######    ##  ########  ######   ########  #########  ######  ######
     ##        ##  ##    ##  ##       ##     ## ##     ##       ## ##
     ##       #### ##     ## ######## ########  ##     ##  ######  ########

You're about to initialize a Firebase project in this directory:

  E:\FE_Epam\FE-EpamLabs\chat-app

[debug] [2019-06-20T09:15:34.506Z] ----------------------------------------------------------------------
[debug] [2019-06-20T09:15:34.508Z] Command:       C:\Program Files\nodejs\node.exe C:\Users\Nobody\AppData\Roaming\npm\node_modules\firebase-tools\lib\bin\firebase.js init
[debug] [2019-06-20T09:15:34.508Z] CLI Version:   7.0.0
[debug] [2019-06-20T09:15:34.509Z] Platform:      win32
[debug] [2019-06-20T09:15:34.509Z] Node Version:  v10.15.3
[debug] [2019-06-20T09:15:34.510Z] Time:          Thu Jun 20 2019 12:15:34 GMT+0300 (Moscow Standard Time)
[debug] [2019-06-20T09:15:34.510Z] ----------------------------------------------------------------------
[debug] 
[debug] [2019-06-20T09:15:34.517Z] > command requires scopes: ["email","openid","https://www.googleapis.com/auth/cloudplatformprojects.readonly","https://www.googleapis.com/auth/firebase","https://www.googleapis.com/auth/cloud-platform"]
[debug] [2019-06-20T09:15:34.518Z] > authorizing via signed-in user
[info] 
     ######## #### ########  ######## ########     ###     ######  ########
     ##        ##  ##     ## ##       ##     ##  ##   ##  ##       ##
     ######    ##  ########  ######   ########  #########  ######  ######
     ##        ##  ##    ##  ##       ##     ## ##     ##       ## ##
     ##       #### ##     ## ######## ########  ##     ##  ######  ########

You're about to initialize a Firebase project in this directory:

  E:\FE_Epam\FE-EpamLabs\chat-app

[debug] [2019-06-20T09:16:04.893Z] Error: kill ENOSYS
    at process.kill (internal/process/per_thread.js:198:13)
    at process.listener (C:\Users\Nobody\AppData\Roaming\npm\node_modules\firebase-tools\node_modules\signal-exit\index.js:95:15)
    at process.emit (events.js:189:13)
[error] 
[error] Error: An unexpected error has occurred.
[debug] [2019-06-20T18:47:01.009Z] Error: kill ENOSYS
    at process.kill (internal/process/per_thread.js:198:13)
    at process.listener (C:\Users\Nobody\AppData\Roaming\npm\node_modules\firebase-tools\node_modules\signal-exit\index.js:95:15)
    at process.emit (events.js:189:13)
[error] 
[error] Error: An unexpected error has occurred.
